Copyright 1986-2020 Xilinx, Inc. All Rights Reserved.
-------------------------------------------------------------------------------------------------------------------------------------------------------
| Tool Version     : Vivado v.2020.2 (lin64) Build 3064766 Wed Nov 18 09:12:47 MST 2020
| Date             : Wed Nov  9 19:10:37 2022
| Host             : cad113.naist.jp running 64-bit CentOS Linux release 7.9.2009 (Core)
| Command          : report_power -file SoC_wrapper_power_routed.rpt -pb SoC_wrapper_power_summary_routed.pb -rpx SoC_wrapper_power_routed.rpx
| Design           : SoC_wrapper
| Device           : xcu280-fsvh2892-2L-e
| Design State     : routed
| Grade            : extended
| Process          : typical
| Characterization : Production
-------------------------------------------------------------------------------------------------------------------------------------------------------

Power Report

Table of Contents
-----------------
1. Summary
1.1 On-Chip Components
1.2 Power Supply Summary
1.3 Confidence Level
2. Settings
2.1 Environment
2.2 Clock Constraints
3. Detailed Reports
3.1 By Hierarchy

1. Summary
----------

+--------------------------+--------------+
| Total On-Chip Power (W)  | 16.855       |
|   FPGA Power (W)         | 16.600       |
|   HBM Power (W)          | 0.255        |
| Design Power Budget (W)  | Unspecified* |
| Power Budget Margin (W)  | NA           |
| Dynamic (W)              | 13.358       |
| Device Static (W)        | 3.497        |
| Effective TJA (C/W)      | 0.4          |
| Max Ambient (C)          | 92.6         |
| Junction Temperature (C) | 32.4         |
| Confidence Level         | Medium       |
| Setting File             | ---          |
| Simulation Activity File | ---          |
| Design Nets Matched      | NA           |
+--------------------------+--------------+
* Specify Design Power Budget using, set_operating_conditions -design_power_budget <value in Watts>


1.1 On-Chip Components
----------------------

+--------------------------+-----------+----------+-----------+-----------------+
| On-Chip                  | Power (W) | Used     | Available | Utilization (%) |
+--------------------------+-----------+----------+-----------+-----------------+
| Clocks                   |     1.291 |       56 |       --- |             --- |
| CLB Logic                |     1.040 |   450904 |       --- |             --- |
|   LUT as Logic           |     0.680 |   152798 |   1303680 |           11.72 |
|   LUT as Distributed RAM |     0.193 |     7687 |    600960 |            1.28 |
|   Register               |     0.081 |   233464 |   2607360 |            8.95 |
|   CARRY8                 |     0.049 |    13105 |    162960 |            8.04 |
|   LUT as Shift Register  |     0.038 |     2950 |    600960 |            0.49 |
|   BUFG                   |    <0.001 |        2 |        96 |            2.08 |
|   Others                 |     0.000 |     9373 |       --- |             --- |
|   F7/F8 Muxes            |     0.000 |     1565 |   1303680 |            0.12 |
| Signals                  |     1.276 |   403469 |       --- |             --- |
| Block RAM                |     3.445 |    704.5 |      2016 |           34.95 |
| DSPs                     |     0.950 |     1957 |      9024 |           21.69 |
| I/O                      |     0.006 |        1 |       624 |            0.16 |
| GTY                      |     4.812 |       16 |        24 |           66.67 |
| Hard IPs                 |     0.538 |        1 |       --- |             --- |
|   PCIE                   |     0.538 |        1 |       --- |             --- |
| Static Power             |     3.497 |          |           |                 |
| Total                    |    16.855 |          |           |                 |
+--------------------------+-----------+----------+-----------+-----------------+


1.2 Power Supply Summary
------------------------

+------------+-------------+-----------+-------------+------------+-------------+-------------+------------+
| Source     | Voltage (V) | Total (A) | Dynamic (A) | Static (A) | Powerup (A) | Budget (A)  | Margin (A) |
+------------+-------------+-----------+-------------+------------+-------------+-------------+------------+
| Vccint     |       0.850 |    12.065 |      10.469 |      1.596 |       NA    | Unspecified | NA         |
| Vccint_io  |       0.850 |     0.266 |       0.001 |      0.266 |       NA    | Unspecified | NA         |
| Vccbram    |       0.850 |     0.317 |       0.278 |      0.039 |       NA    | Unspecified | NA         |
| Vccaux     |       1.800 |     0.809 |       0.000 |      0.809 |       NA    | Unspecified | NA         |
| Vccaux_io  |       1.800 |     0.038 |       0.003 |      0.035 |       NA    | Unspecified | NA         |
| Vcco33     |       3.300 |     0.000 |       0.000 |      0.000 |       NA    | Unspecified | NA         |
| Vcco25     |       2.500 |     0.000 |       0.000 |      0.000 |       NA    | Unspecified | NA         |
| Vcco18     |       1.800 |     0.000 |       0.000 |      0.000 |       NA    | Unspecified | NA         |
| Vcco15     |       1.500 |     0.000 |       0.000 |      0.000 |       NA    | Unspecified | NA         |
| Vcco135    |       1.350 |     0.000 |       0.000 |      0.000 |       NA    | Unspecified | NA         |
| Vcco12     |       1.200 |     0.000 |       0.000 |      0.000 |       NA    | Unspecified | NA         |
| Vcco10     |       1.000 |     0.000 |       0.000 |      0.000 |       NA    | Unspecified | NA         |
| Vccadc     |       1.800 |     0.024 |       0.000 |      0.024 |       NA    | Unspecified | NA         |
| VCC_IO_HBM |       1.200 |     0.085 |       0.000 |      0.085 |       NA    | Unspecified | NA         |
| VCC_HBM    |       1.200 |     0.085 |       0.000 |      0.085 |       NA    | Unspecified | NA         |
| VCCAUX_HBM |       2.500 |     0.022 |       0.000 |      0.022 |       NA    | Unspecified | NA         |
| MGTYAVcc   |       0.900 |     0.866 |       0.826 |      0.040 |       NA    | Unspecified | NA         |
| MGTYAVtt   |       1.200 |     2.773 |       2.755 |      0.018 |       NA    | Unspecified | NA         |
| MGTYVccaux |       1.800 |     0.096 |       0.093 |      0.002 |       NA    | Unspecified | NA         |
+------------+-------------+-----------+-------------+------------+-------------+-------------+------------+


1.3 Confidence Level
--------------------

+-----------------------------+------------+-------------------------------------------------------+------------------------------------------------------------------------------------------------------------+
| User Input Data             | Confidence | Details                                               | Action                                                                                                     |
+-----------------------------+------------+-------------------------------------------------------+------------------------------------------------------------------------------------------------------------+
| Design implementation state | High       | Design is routed                                      |                                                                                                            |
| Clock nodes activity        | High       | User specified more than 95% of clocks                |                                                                                                            |
| I/O nodes activity          | Medium     | More than 5% of inputs are missing user specification | Provide missing input activity with simulation results or by editing the "By Resource Type -> I/Os" view   |
| Internal nodes activity     | Medium     | User specified less than 25% of internal nodes        | Provide missing internal nodes activity with simulation results or by editing the "By Resource Type" views |
| Device models               | High       | Device models are Production                          |                                                                                                            |
|                             |            |                                                       |                                                                                                            |
| Overall confidence level    | Medium     |                                                       |                                                                                                            |
+-----------------------------+------------+-------------------------------------------------------+------------------------------------------------------------------------------------------------------------+


2. Settings
-----------

2.1 Environment
---------------

+-----------------------+--------------------------+
| Ambient Temp (C)      | 25.0                     |
| ThetaJA (C/W)         | 0.4                      |
| Airflow (LFM)         | 250                      |
| Heat Sink             | medium (Medium Profile)  |
| ThetaSA (C/W)         | 0.5                      |
| Board Selection       | medium (10"x10")         |
| # of Board Layers     | 12to15 (12 to 15 Layers) |
| Board Temperature (C) | 25.0                     |
+-----------------------+--------------------------+


2.2 Clock Constraints
---------------------

+------------------------------------------------------------------------------------------------------------------------------------------------------------------------------------------------------------------------------------------------------------------------------------------------------------------------------------------------------------------------------------------------------------------------------------------+---------------------------------------------------------------------------------------------------------------------------------------------------------------------------------------------------------------------------------------------------------------------------------------------------------------------------------------------------------------------------------------------------------------------------+-----------------+
| Clock                                                                                                                                                                                                                                                                                                                                                                                                                                    | Domain                                                                                                                                                                                                                                                                                                                                                                                                                    | Constraint (ns) |
+------------------------------------------------------------------------------------------------------------------------------------------------------------------------------------------------------------------------------------------------------------------------------------------------------------------------------------------------------------------------------------------------------------------------------------------+---------------------------------------------------------------------------------------------------------------------------------------------------------------------------------------------------------------------------------------------------------------------------------------------------------------------------------------------------------------------------------------------------------------------------+-----------------+
| GTYE4_CHANNEL_QPLL0CLK[0]                                                                                                                                                                                                                                                                                                                                                                                                                | SoC_i/xdma_0/inst/pcie4c_ip_i/inst/SoC_xdma_0_0_pcie4c_ip_gt_top_i/diablo_gt.diablo_gt_phy_wrapper/gt_wizard.gtwizard_top_i/SoC_xdma_0_0_pcie4c_ip_gt_i/inst/gen_gtwizard_gtye4_top.SoC_xdma_0_0_pcie4c_ip_gt_gtwizard_gtye4_inst/gen_gtwizard_gtye4.gen_common.gen_common_container[24].gen_enabled_common.gtye4_common_wrapper_inst/common_inst/GTYE4_CHANNEL_QPLL0CLK[0]                                               |             0.2 |
| GTYE4_CHANNEL_QPLL0CLK[0]_1                                                                                                                                                                                                                                                                                                                                                                                                              | SoC_i/xdma_0/inst/pcie4c_ip_i/inst/SoC_xdma_0_0_pcie4c_ip_gt_top_i/diablo_gt.diablo_gt_phy_wrapper/gt_wizard.gtwizard_top_i/SoC_xdma_0_0_pcie4c_ip_gt_i/inst/gen_gtwizard_gtye4_top.SoC_xdma_0_0_pcie4c_ip_gt_gtwizard_gtye4_inst/gen_gtwizard_gtye4.gen_common.gen_common_container[25].gen_enabled_common.gtye4_common_wrapper_inst/common_inst/GTYE4_CHANNEL_QPLL0CLK[0]                                               |             0.2 |
| GTYE4_CHANNEL_QPLL0CLK[0]_2                                                                                                                                                                                                                                                                                                                                                                                                              | SoC_i/xdma_0/inst/pcie4c_ip_i/inst/SoC_xdma_0_0_pcie4c_ip_gt_top_i/diablo_gt.diablo_gt_phy_wrapper/gt_wizard.gtwizard_top_i/SoC_xdma_0_0_pcie4c_ip_gt_i/inst/gen_gtwizard_gtye4_top.SoC_xdma_0_0_pcie4c_ip_gt_gtwizard_gtye4_inst/gen_gtwizard_gtye4.gen_common.gen_common_container[26].gen_enabled_common.gtye4_common_wrapper_inst/common_inst/GTYE4_CHANNEL_QPLL0CLK[0]                                               |             0.2 |
| GTYE4_CHANNEL_QPLL0CLK[0]_3                                                                                                                                                                                                                                                                                                                                                                                                              | SoC_i/xdma_0/inst/pcie4c_ip_i/inst/SoC_xdma_0_0_pcie4c_ip_gt_top_i/diablo_gt.diablo_gt_phy_wrapper/gt_wizard.gtwizard_top_i/SoC_xdma_0_0_pcie4c_ip_gt_i/inst/gen_gtwizard_gtye4_top.SoC_xdma_0_0_pcie4c_ip_gt_gtwizard_gtye4_inst/gen_gtwizard_gtye4.gen_common.gen_common_container[27].gen_enabled_common.gtye4_common_wrapper_inst/common_inst/GTYE4_CHANNEL_QPLL0CLK[0]                                               |             0.2 |
| GTYE4_CHANNEL_QPLL0REFCLK[0]                                                                                                                                                                                                                                                                                                                                                                                                             | SoC_i/xdma_0/inst/pcie4c_ip_i/inst/SoC_xdma_0_0_pcie4c_ip_gt_top_i/diablo_gt.diablo_gt_phy_wrapper/gt_wizard.gtwizard_top_i/SoC_xdma_0_0_pcie4c_ip_gt_i/inst/gen_gtwizard_gtye4_top.SoC_xdma_0_0_pcie4c_ip_gt_gtwizard_gtye4_inst/gen_gtwizard_gtye4.gen_common.gen_common_container[24].gen_enabled_common.gtye4_common_wrapper_inst/common_inst/GTYE4_CHANNEL_QPLL0REFCLK[0]                                            |            10.0 |
| GTYE4_CHANNEL_QPLL0REFCLK[0]_1                                                                                                                                                                                                                                                                                                                                                                                                           | SoC_i/xdma_0/inst/pcie4c_ip_i/inst/SoC_xdma_0_0_pcie4c_ip_gt_top_i/diablo_gt.diablo_gt_phy_wrapper/gt_wizard.gtwizard_top_i/SoC_xdma_0_0_pcie4c_ip_gt_i/inst/gen_gtwizard_gtye4_top.SoC_xdma_0_0_pcie4c_ip_gt_gtwizard_gtye4_inst/gen_gtwizard_gtye4.gen_common.gen_common_container[25].gen_enabled_common.gtye4_common_wrapper_inst/common_inst/GTYE4_CHANNEL_QPLL0REFCLK[0]                                            |            10.0 |
| GTYE4_CHANNEL_QPLL0REFCLK[0]_2                                                                                                                                                                                                                                                                                                                                                                                                           | SoC_i/xdma_0/inst/pcie4c_ip_i/inst/SoC_xdma_0_0_pcie4c_ip_gt_top_i/diablo_gt.diablo_gt_phy_wrapper/gt_wizard.gtwizard_top_i/SoC_xdma_0_0_pcie4c_ip_gt_i/inst/gen_gtwizard_gtye4_top.SoC_xdma_0_0_pcie4c_ip_gt_gtwizard_gtye4_inst/gen_gtwizard_gtye4.gen_common.gen_common_container[26].gen_enabled_common.gtye4_common_wrapper_inst/common_inst/GTYE4_CHANNEL_QPLL0REFCLK[0]                                            |            10.0 |
| GTYE4_CHANNEL_QPLL0REFCLK[0]_3                                                                                                                                                                                                                                                                                                                                                                                                           | SoC_i/xdma_0/inst/pcie4c_ip_i/inst/SoC_xdma_0_0_pcie4c_ip_gt_top_i/diablo_gt.diablo_gt_phy_wrapper/gt_wizard.gtwizard_top_i/SoC_xdma_0_0_pcie4c_ip_gt_i/inst/gen_gtwizard_gtye4_top.SoC_xdma_0_0_pcie4c_ip_gt_gtwizard_gtye4_inst/gen_gtwizard_gtye4.gen_common.gen_common_container[27].gen_enabled_common.gtye4_common_wrapper_inst/common_inst/GTYE4_CHANNEL_QPLL0REFCLK[0]                                            |            10.0 |
| GTYE4_CHANNEL_QPLL1CLK[0]                                                                                                                                                                                                                                                                                                                                                                                                                | SoC_i/xdma_0/inst/pcie4c_ip_i/inst/SoC_xdma_0_0_pcie4c_ip_gt_top_i/diablo_gt.diablo_gt_phy_wrapper/gt_wizard.gtwizard_top_i/SoC_xdma_0_0_pcie4c_ip_gt_i/inst/gen_gtwizard_gtye4_top.SoC_xdma_0_0_pcie4c_ip_gt_gtwizard_gtye4_inst/gen_gtwizard_gtye4.gen_common.gen_common_container[24].gen_enabled_common.gtye4_common_wrapper_inst/common_inst/GTYE4_CHANNEL_QPLL1CLK[0]                                               |             0.2 |
| GTYE4_CHANNEL_QPLL1CLK[0]_1                                                                                                                                                                                                                                                                                                                                                                                                              | SoC_i/xdma_0/inst/pcie4c_ip_i/inst/SoC_xdma_0_0_pcie4c_ip_gt_top_i/diablo_gt.diablo_gt_phy_wrapper/gt_wizard.gtwizard_top_i/SoC_xdma_0_0_pcie4c_ip_gt_i/inst/gen_gtwizard_gtye4_top.SoC_xdma_0_0_pcie4c_ip_gt_gtwizard_gtye4_inst/gen_gtwizard_gtye4.gen_common.gen_common_container[25].gen_enabled_common.gtye4_common_wrapper_inst/common_inst/GTYE4_CHANNEL_QPLL1CLK[0]                                               |             0.2 |
| GTYE4_CHANNEL_QPLL1CLK[0]_2                                                                                                                                                                                                                                                                                                                                                                                                              | SoC_i/xdma_0/inst/pcie4c_ip_i/inst/SoC_xdma_0_0_pcie4c_ip_gt_top_i/diablo_gt.diablo_gt_phy_wrapper/gt_wizard.gtwizard_top_i/SoC_xdma_0_0_pcie4c_ip_gt_i/inst/gen_gtwizard_gtye4_top.SoC_xdma_0_0_pcie4c_ip_gt_gtwizard_gtye4_inst/gen_gtwizard_gtye4.gen_common.gen_common_container[26].gen_enabled_common.gtye4_common_wrapper_inst/common_inst/GTYE4_CHANNEL_QPLL1CLK[0]                                               |             0.2 |
| GTYE4_CHANNEL_QPLL1CLK[0]_3                                                                                                                                                                                                                                                                                                                                                                                                              | SoC_i/xdma_0/inst/pcie4c_ip_i/inst/SoC_xdma_0_0_pcie4c_ip_gt_top_i/diablo_gt.diablo_gt_phy_wrapper/gt_wizard.gtwizard_top_i/SoC_xdma_0_0_pcie4c_ip_gt_i/inst/gen_gtwizard_gtye4_top.SoC_xdma_0_0_pcie4c_ip_gt_gtwizard_gtye4_inst/gen_gtwizard_gtye4.gen_common.gen_common_container[27].gen_enabled_common.gtye4_common_wrapper_inst/common_inst/GTYE4_CHANNEL_QPLL1CLK[0]                                               |             0.2 |
| GTYE4_CHANNEL_QPLL1REFCLK[0]                                                                                                                                                                                                                                                                                                                                                                                                             | SoC_i/xdma_0/inst/pcie4c_ip_i/inst/SoC_xdma_0_0_pcie4c_ip_gt_top_i/diablo_gt.diablo_gt_phy_wrapper/gt_wizard.gtwizard_top_i/SoC_xdma_0_0_pcie4c_ip_gt_i/inst/gen_gtwizard_gtye4_top.SoC_xdma_0_0_pcie4c_ip_gt_gtwizard_gtye4_inst/gen_gtwizard_gtye4.gen_common.gen_common_container[24].gen_enabled_common.gtye4_common_wrapper_inst/common_inst/GTYE4_CHANNEL_QPLL1REFCLK[0]                                            |            10.0 |
| GTYE4_CHANNEL_QPLL1REFCLK[0]_1                                                                                                                                                                                                                                                                                                                                                                                                           | SoC_i/xdma_0/inst/pcie4c_ip_i/inst/SoC_xdma_0_0_pcie4c_ip_gt_top_i/diablo_gt.diablo_gt_phy_wrapper/gt_wizard.gtwizard_top_i/SoC_xdma_0_0_pcie4c_ip_gt_i/inst/gen_gtwizard_gtye4_top.SoC_xdma_0_0_pcie4c_ip_gt_gtwizard_gtye4_inst/gen_gtwizard_gtye4.gen_common.gen_common_container[25].gen_enabled_common.gtye4_common_wrapper_inst/common_inst/GTYE4_CHANNEL_QPLL1REFCLK[0]                                            |            10.0 |
| GTYE4_CHANNEL_QPLL1REFCLK[0]_2                                                                                                                                                                                                                                                                                                                                                                                                           | SoC_i/xdma_0/inst/pcie4c_ip_i/inst/SoC_xdma_0_0_pcie4c_ip_gt_top_i/diablo_gt.diablo_gt_phy_wrapper/gt_wizard.gtwizard_top_i/SoC_xdma_0_0_pcie4c_ip_gt_i/inst/gen_gtwizard_gtye4_top.SoC_xdma_0_0_pcie4c_ip_gt_gtwizard_gtye4_inst/gen_gtwizard_gtye4.gen_common.gen_common_container[26].gen_enabled_common.gtye4_common_wrapper_inst/common_inst/GTYE4_CHANNEL_QPLL1REFCLK[0]                                            |            10.0 |
| GTYE4_CHANNEL_QPLL1REFCLK[0]_3                                                                                                                                                                                                                                                                                                                                                                                                           | SoC_i/xdma_0/inst/pcie4c_ip_i/inst/SoC_xdma_0_0_pcie4c_ip_gt_top_i/diablo_gt.diablo_gt_phy_wrapper/gt_wizard.gtwizard_top_i/SoC_xdma_0_0_pcie4c_ip_gt_i/inst/gen_gtwizard_gtye4_top.SoC_xdma_0_0_pcie4c_ip_gt_gtwizard_gtye4_inst/gen_gtwizard_gtye4.gen_common.gen_common_container[27].gen_enabled_common.gtye4_common_wrapper_inst/common_inst/GTYE4_CHANNEL_QPLL1REFCLK[0]                                            |            10.0 |
| GTYE4_CHANNEL_TXOUTCLK[0]                                                                                                                                                                                                                                                                                                                                                                                                                | SoC_i/xdma_0/inst/pcie4c_ip_i/inst/SoC_xdma_0_0_pcie4c_ip_gt_top_i/diablo_gt.diablo_gt_phy_wrapper/gt_wizard.gtwizard_top_i/SoC_xdma_0_0_pcie4c_ip_gt_i/inst/gen_gtwizard_gtye4_top.SoC_xdma_0_0_pcie4c_ip_gt_gtwizard_gtye4_inst/gen_gtwizard_gtye4.gen_channel_container[24].gen_enabled_channel.gtye4_channel_wrapper_inst/channel_inst/GTYE4_CHANNEL_TXOUTCLK[0]                                                      |             2.0 |
| GTYE4_CHANNEL_TXOUTCLK[0]_1                                                                                                                                                                                                                                                                                                                                                                                                              | SoC_i/xdma_0/inst/pcie4c_ip_i/inst/SoC_xdma_0_0_pcie4c_ip_gt_top_i/diablo_gt.diablo_gt_phy_wrapper/gt_wizard.gtwizard_top_i/SoC_xdma_0_0_pcie4c_ip_gt_i/inst/gen_gtwizard_gtye4_top.SoC_xdma_0_0_pcie4c_ip_gt_gtwizard_gtye4_inst/gen_gtwizard_gtye4.gen_channel_container[25].gen_enabled_channel.gtye4_channel_wrapper_inst/channel_inst/GTYE4_CHANNEL_TXOUTCLK[0]                                                      |             2.0 |
| GTYE4_CHANNEL_TXOUTCLK[0]_2                                                                                                                                                                                                                                                                                                                                                                                                              | SoC_i/xdma_0/inst/pcie4c_ip_i/inst/SoC_xdma_0_0_pcie4c_ip_gt_top_i/diablo_gt.diablo_gt_phy_wrapper/gt_wizard.gtwizard_top_i/SoC_xdma_0_0_pcie4c_ip_gt_i/inst/gen_gtwizard_gtye4_top.SoC_xdma_0_0_pcie4c_ip_gt_gtwizard_gtye4_inst/gen_gtwizard_gtye4.gen_channel_container[26].gen_enabled_channel.gtye4_channel_wrapper_inst/channel_inst/GTYE4_CHANNEL_TXOUTCLK[0]                                                      |             2.0 |
| GTYE4_CHANNEL_TXOUTCLK[0]_3                                                                                                                                                                                                                                                                                                                                                                                                              | SoC_i/xdma_0/inst/pcie4c_ip_i/inst/SoC_xdma_0_0_pcie4c_ip_gt_top_i/diablo_gt.diablo_gt_phy_wrapper/gt_wizard.gtwizard_top_i/SoC_xdma_0_0_pcie4c_ip_gt_i/inst/gen_gtwizard_gtye4_top.SoC_xdma_0_0_pcie4c_ip_gt_gtwizard_gtye4_inst/gen_gtwizard_gtye4.gen_channel_container[27].gen_enabled_channel.gtye4_channel_wrapper_inst/channel_inst/GTYE4_CHANNEL_TXOUTCLK[0]                                                      |             2.0 |
| GTYE4_CHANNEL_TXOUTCLK[1]                                                                                                                                                                                                                                                                                                                                                                                                                | SoC_i/xdma_0/inst/pcie4c_ip_i/inst/SoC_xdma_0_0_pcie4c_ip_gt_top_i/diablo_gt.diablo_gt_phy_wrapper/gt_wizard.gtwizard_top_i/SoC_xdma_0_0_pcie4c_ip_gt_i/inst/gen_gtwizard_gtye4_top.SoC_xdma_0_0_pcie4c_ip_gt_gtwizard_gtye4_inst/gen_gtwizard_gtye4.gen_channel_container[24].gen_enabled_channel.gtye4_channel_wrapper_inst/channel_inst/GTYE4_CHANNEL_TXOUTCLK[1]                                                      |             2.0 |
| GTYE4_CHANNEL_TXOUTCLK[1]_1                                                                                                                                                                                                                                                                                                                                                                                                              | SoC_i/xdma_0/inst/pcie4c_ip_i/inst/SoC_xdma_0_0_pcie4c_ip_gt_top_i/diablo_gt.diablo_gt_phy_wrapper/gt_wizard.gtwizard_top_i/SoC_xdma_0_0_pcie4c_ip_gt_i/inst/gen_gtwizard_gtye4_top.SoC_xdma_0_0_pcie4c_ip_gt_gtwizard_gtye4_inst/gen_gtwizard_gtye4.gen_channel_container[25].gen_enabled_channel.gtye4_channel_wrapper_inst/channel_inst/GTYE4_CHANNEL_TXOUTCLK[1]                                                      |             2.0 |
| GTYE4_CHANNEL_TXOUTCLK[1]_2                                                                                                                                                                                                                                                                                                                                                                                                              | SoC_i/xdma_0/inst/pcie4c_ip_i/inst/SoC_xdma_0_0_pcie4c_ip_gt_top_i/diablo_gt.diablo_gt_phy_wrapper/gt_wizard.gtwizard_top_i/SoC_xdma_0_0_pcie4c_ip_gt_i/inst/gen_gtwizard_gtye4_top.SoC_xdma_0_0_pcie4c_ip_gt_gtwizard_gtye4_inst/gen_gtwizard_gtye4.gen_channel_container[26].gen_enabled_channel.gtye4_channel_wrapper_inst/channel_inst/GTYE4_CHANNEL_TXOUTCLK[1]                                                      |             2.0 |
| GTYE4_CHANNEL_TXOUTCLK[1]_3                                                                                                                                                                                                                                                                                                                                                                                                              | SoC_i/xdma_0/inst/pcie4c_ip_i/inst/SoC_xdma_0_0_pcie4c_ip_gt_top_i/diablo_gt.diablo_gt_phy_wrapper/gt_wizard.gtwizard_top_i/SoC_xdma_0_0_pcie4c_ip_gt_i/inst/gen_gtwizard_gtye4_top.SoC_xdma_0_0_pcie4c_ip_gt_gtwizard_gtye4_inst/gen_gtwizard_gtye4.gen_channel_container[27].gen_enabled_channel.gtye4_channel_wrapper_inst/channel_inst/GTYE4_CHANNEL_TXOUTCLK[1]                                                      |             2.0 |
| GTYE4_CHANNEL_TXOUTCLK[2]                                                                                                                                                                                                                                                                                                                                                                                                                | SoC_i/xdma_0/inst/pcie4c_ip_i/inst/SoC_xdma_0_0_pcie4c_ip_gt_top_i/diablo_gt.diablo_gt_phy_wrapper/gt_wizard.gtwizard_top_i/SoC_xdma_0_0_pcie4c_ip_gt_i/inst/gen_gtwizard_gtye4_top.SoC_xdma_0_0_pcie4c_ip_gt_gtwizard_gtye4_inst/gen_gtwizard_gtye4.gen_channel_container[24].gen_enabled_channel.gtye4_channel_wrapper_inst/channel_inst/GTYE4_CHANNEL_TXOUTCLK[2]                                                      |             2.0 |
| GTYE4_CHANNEL_TXOUTCLK[2]_1                                                                                                                                                                                                                                                                                                                                                                                                              | SoC_i/xdma_0/inst/pcie4c_ip_i/inst/SoC_xdma_0_0_pcie4c_ip_gt_top_i/diablo_gt.diablo_gt_phy_wrapper/gt_wizard.gtwizard_top_i/SoC_xdma_0_0_pcie4c_ip_gt_i/inst/gen_gtwizard_gtye4_top.SoC_xdma_0_0_pcie4c_ip_gt_gtwizard_gtye4_inst/gen_gtwizard_gtye4.gen_channel_container[25].gen_enabled_channel.gtye4_channel_wrapper_inst/channel_inst/GTYE4_CHANNEL_TXOUTCLK[2]                                                      |             2.0 |
| GTYE4_CHANNEL_TXOUTCLK[2]_2                                                                                                                                                                                                                                                                                                                                                                                                              | SoC_i/xdma_0/inst/pcie4c_ip_i/inst/SoC_xdma_0_0_pcie4c_ip_gt_top_i/diablo_gt.diablo_gt_phy_wrapper/gt_wizard.gtwizard_top_i/SoC_xdma_0_0_pcie4c_ip_gt_i/inst/gen_gtwizard_gtye4_top.SoC_xdma_0_0_pcie4c_ip_gt_gtwizard_gtye4_inst/gen_gtwizard_gtye4.gen_channel_container[26].gen_enabled_channel.gtye4_channel_wrapper_inst/channel_inst/GTYE4_CHANNEL_TXOUTCLK[2]                                                      |             2.0 |
| GTYE4_CHANNEL_TXOUTCLK[2]_3                                                                                                                                                                                                                                                                                                                                                                                                              | SoC_i/xdma_0/inst/pcie4c_ip_i/inst/SoC_xdma_0_0_pcie4c_ip_gt_top_i/diablo_gt.diablo_gt_phy_wrapper/gt_wizard.gtwizard_top_i/SoC_xdma_0_0_pcie4c_ip_gt_i/inst/gen_gtwizard_gtye4_top.SoC_xdma_0_0_pcie4c_ip_gt_gtwizard_gtye4_inst/gen_gtwizard_gtye4.gen_channel_container[27].gen_enabled_channel.gtye4_channel_wrapper_inst/channel_inst/GTYE4_CHANNEL_TXOUTCLK[2]                                                      |             2.0 |
| GTYE4_CHANNEL_TXOUTCLK[3]                                                                                                                                                                                                                                                                                                                                                                                                                | SoC_i/xdma_0/inst/pcie4c_ip_i/inst/SoC_xdma_0_0_pcie4c_ip_gt_top_i/diablo_gt.diablo_gt_phy_wrapper/gt_wizard.gtwizard_top_i/SoC_xdma_0_0_pcie4c_ip_gt_i/inst/gen_gtwizard_gtye4_top.SoC_xdma_0_0_pcie4c_ip_gt_gtwizard_gtye4_inst/gen_gtwizard_gtye4.gen_channel_container[24].gen_enabled_channel.gtye4_channel_wrapper_inst/channel_inst/GTYE4_CHANNEL_TXOUTCLK[3]                                                      |             2.0 |
| GTYE4_CHANNEL_TXOUTCLK[3]_1                                                                                                                                                                                                                                                                                                                                                                                                              | SoC_i/xdma_0/inst/pcie4c_ip_i/inst/SoC_xdma_0_0_pcie4c_ip_gt_top_i/diablo_gt.diablo_gt_phy_wrapper/gt_wizard.gtwizard_top_i/SoC_xdma_0_0_pcie4c_ip_gt_i/inst/gen_gtwizard_gtye4_top.SoC_xdma_0_0_pcie4c_ip_gt_gtwizard_gtye4_inst/gen_gtwizard_gtye4.gen_channel_container[25].gen_enabled_channel.gtye4_channel_wrapper_inst/channel_inst/GTYE4_CHANNEL_TXOUTCLK[3]                                                      |             2.0 |
| GTYE4_CHANNEL_TXOUTCLK[3]_2                                                                                                                                                                                                                                                                                                                                                                                                              | SoC_i/xdma_0/inst/pcie4c_ip_i/inst/SoC_xdma_0_0_pcie4c_ip_gt_top_i/diablo_gt.diablo_gt_phy_wrapper/gt_wizard.gtwizard_top_i/SoC_xdma_0_0_pcie4c_ip_gt_i/inst/gen_gtwizard_gtye4_top.SoC_xdma_0_0_pcie4c_ip_gt_gtwizard_gtye4_inst/gen_gtwizard_gtye4.gen_channel_container[26].gen_enabled_channel.gtye4_channel_wrapper_inst/channel_inst/GTYE4_CHANNEL_TXOUTCLK[3]                                                      |             2.0 |
| SoC_i/xdma_0/inst/pcie4c_ip_i/inst/SoC_xdma_0_0_pcie4c_ip_gt_top_i/diablo_gt.diablo_gt_phy_wrapper/gt_wizard.gtwizard_top_i/SoC_xdma_0_0_pcie4c_ip_gt_i/inst/gen_gtwizard_gtye4_top.SoC_xdma_0_0_pcie4c_ip_gt_gtwizard_gtye4_inst/gen_gtwizard_gtye4.gen_channel_container[27].gen_enabled_channel.gtye4_channel_wrapper_inst/channel_inst/gtye4_channel_gen.gen_gtye4_channel_inst[3].GTYE4_CHANNEL_PRIM_INST/TXOUTCLK                  | SoC_i/xdma_0/inst/pcie4c_ip_i/inst/SoC_xdma_0_0_pcie4c_ip_gt_top_i/diablo_gt.diablo_gt_phy_wrapper/gt_wizard.gtwizard_top_i/SoC_xdma_0_0_pcie4c_ip_gt_i/inst/gen_gtwizard_gtye4_top.SoC_xdma_0_0_pcie4c_ip_gt_gtwizard_gtye4_inst/gen_gtwizard_gtye4.gen_channel_container[27].gen_enabled_channel.gtye4_channel_wrapper_inst/channel_inst/GTYE4_CHANNEL_TXOUTCLK[3]                                                      |             2.0 |
| SoC_i/xdma_0/inst/pcie4c_ip_i/inst/SoC_xdma_0_0_pcie4c_ip_gt_top_i/diablo_gt.diablo_gt_phy_wrapper/gt_wizard.gtwizard_top_i/SoC_xdma_0_0_pcie4c_ip_gt_i/inst/gen_gtwizard_gtye4_top.SoC_xdma_0_0_pcie4c_ip_gt_gtwizard_gtye4_inst/gen_gtwizard_gtye4.gen_cpll_cal_gtye4.gen_cpll_cal_inst[0].gen_inst_cpll_cal.gtwizard_ultrascale_v1_7_9_gtye4_cpll_cal_inst/gtwizard_ultrascale_v1_7_9_gtye4_cpll_cal_tx_i/bufg_gt_txoutclkmon_inst/O  | SoC_i/xdma_0/inst/pcie4c_ip_i/inst/SoC_xdma_0_0_pcie4c_ip_gt_top_i/diablo_gt.diablo_gt_phy_wrapper/gt_wizard.gtwizard_top_i/SoC_xdma_0_0_pcie4c_ip_gt_i/inst/gen_gtwizard_gtye4_top.SoC_xdma_0_0_pcie4c_ip_gt_gtwizard_gtye4_inst/gen_gtwizard_gtye4.gen_cpll_cal_gtye4.gen_cpll_cal_inst[0].gen_inst_cpll_cal.gtwizard_ultrascale_v1_7_9_gtye4_cpll_cal_inst/gtwizard_ultrascale_v1_7_9_gtye4_cpll_cal_tx_i/txoutclkmon  |             5.0 |
| SoC_i/xdma_0/inst/pcie4c_ip_i/inst/SoC_xdma_0_0_pcie4c_ip_gt_top_i/diablo_gt.diablo_gt_phy_wrapper/gt_wizard.gtwizard_top_i/SoC_xdma_0_0_pcie4c_ip_gt_i/inst/gen_gtwizard_gtye4_top.SoC_xdma_0_0_pcie4c_ip_gt_gtwizard_gtye4_inst/gen_gtwizard_gtye4.gen_cpll_cal_gtye4.gen_cpll_cal_inst[10].gen_inst_cpll_cal.gtwizard_ultrascale_v1_7_9_gtye4_cpll_cal_inst/gtwizard_ultrascale_v1_7_9_gtye4_cpll_cal_tx_i/bufg_gt_txoutclkmon_inst/O | SoC_i/xdma_0/inst/pcie4c_ip_i/inst/SoC_xdma_0_0_pcie4c_ip_gt_top_i/diablo_gt.diablo_gt_phy_wrapper/gt_wizard.gtwizard_top_i/SoC_xdma_0_0_pcie4c_ip_gt_i/inst/gen_gtwizard_gtye4_top.SoC_xdma_0_0_pcie4c_ip_gt_gtwizard_gtye4_inst/gen_gtwizard_gtye4.gen_cpll_cal_gtye4.gen_cpll_cal_inst[10].gen_inst_cpll_cal.gtwizard_ultrascale_v1_7_9_gtye4_cpll_cal_inst/gtwizard_ultrascale_v1_7_9_gtye4_cpll_cal_tx_i/txoutclkmon |             5.0 |
| SoC_i/xdma_0/inst/pcie4c_ip_i/inst/SoC_xdma_0_0_pcie4c_ip_gt_top_i/diablo_gt.diablo_gt_phy_wrapper/gt_wizard.gtwizard_top_i/SoC_xdma_0_0_pcie4c_ip_gt_i/inst/gen_gtwizard_gtye4_top.SoC_xdma_0_0_pcie4c_ip_gt_gtwizard_gtye4_inst/gen_gtwizard_gtye4.gen_cpll_cal_gtye4.gen_cpll_cal_inst[11].gen_inst_cpll_cal.gtwizard_ultrascale_v1_7_9_gtye4_cpll_cal_inst/gtwizard_ultrascale_v1_7_9_gtye4_cpll_cal_tx_i/bufg_gt_txoutclkmon_inst/O | SoC_i/xdma_0/inst/pcie4c_ip_i/inst/SoC_xdma_0_0_pcie4c_ip_gt_top_i/diablo_gt.diablo_gt_phy_wrapper/gt_wizard.gtwizard_top_i/SoC_xdma_0_0_pcie4c_ip_gt_i/inst/gen_gtwizard_gtye4_top.SoC_xdma_0_0_pcie4c_ip_gt_gtwizard_gtye4_inst/gen_gtwizard_gtye4.gen_cpll_cal_gtye4.gen_cpll_cal_inst[11].gen_inst_cpll_cal.gtwizard_ultrascale_v1_7_9_gtye4_cpll_cal_inst/gtwizard_ultrascale_v1_7_9_gtye4_cpll_cal_tx_i/txoutclkmon |             5.0 |
| SoC_i/xdma_0/inst/pcie4c_ip_i/inst/SoC_xdma_0_0_pcie4c_ip_gt_top_i/diablo_gt.diablo_gt_phy_wrapper/gt_wizard.gtwizard_top_i/SoC_xdma_0_0_pcie4c_ip_gt_i/inst/gen_gtwizard_gtye4_top.SoC_xdma_0_0_pcie4c_ip_gt_gtwizard_gtye4_inst/gen_gtwizard_gtye4.gen_cpll_cal_gtye4.gen_cpll_cal_inst[12].gen_inst_cpll_cal.gtwizard_ultrascale_v1_7_9_gtye4_cpll_cal_inst/gtwizard_ultrascale_v1_7_9_gtye4_cpll_cal_tx_i/bufg_gt_txoutclkmon_inst/O | SoC_i/xdma_0/inst/pcie4c_ip_i/inst/SoC_xdma_0_0_pcie4c_ip_gt_top_i/diablo_gt.diablo_gt_phy_wrapper/gt_wizard.gtwizard_top_i/SoC_xdma_0_0_pcie4c_ip_gt_i/inst/gen_gtwizard_gtye4_top.SoC_xdma_0_0_pcie4c_ip_gt_gtwizard_gtye4_inst/gen_gtwizard_gtye4.gen_cpll_cal_gtye4.gen_cpll_cal_inst[12].gen_inst_cpll_cal.gtwizard_ultrascale_v1_7_9_gtye4_cpll_cal_inst/gtwizard_ultrascale_v1_7_9_gtye4_cpll_cal_tx_i/txoutclkmon |             5.0 |
| SoC_i/xdma_0/inst/pcie4c_ip_i/inst/SoC_xdma_0_0_pcie4c_ip_gt_top_i/diablo_gt.diablo_gt_phy_wrapper/gt_wizard.gtwizard_top_i/SoC_xdma_0_0_pcie4c_ip_gt_i/inst/gen_gtwizard_gtye4_top.SoC_xdma_0_0_pcie4c_ip_gt_gtwizard_gtye4_inst/gen_gtwizard_gtye4.gen_cpll_cal_gtye4.gen_cpll_cal_inst[13].gen_inst_cpll_cal.gtwizard_ultrascale_v1_7_9_gtye4_cpll_cal_inst/gtwizard_ultrascale_v1_7_9_gtye4_cpll_cal_tx_i/bufg_gt_txoutclkmon_inst/O | SoC_i/xdma_0/inst/pcie4c_ip_i/inst/SoC_xdma_0_0_pcie4c_ip_gt_top_i/diablo_gt.diablo_gt_phy_wrapper/gt_wizard.gtwizard_top_i/SoC_xdma_0_0_pcie4c_ip_gt_i/inst/gen_gtwizard_gtye4_top.SoC_xdma_0_0_pcie4c_ip_gt_gtwizard_gtye4_inst/gen_gtwizard_gtye4.gen_cpll_cal_gtye4.gen_cpll_cal_inst[13].gen_inst_cpll_cal.gtwizard_ultrascale_v1_7_9_gtye4_cpll_cal_inst/gtwizard_ultrascale_v1_7_9_gtye4_cpll_cal_tx_i/txoutclkmon |             5.0 |
| SoC_i/xdma_0/inst/pcie4c_ip_i/inst/SoC_xdma_0_0_pcie4c_ip_gt_top_i/diablo_gt.diablo_gt_phy_wrapper/gt_wizard.gtwizard_top_i/SoC_xdma_0_0_pcie4c_ip_gt_i/inst/gen_gtwizard_gtye4_top.SoC_xdma_0_0_pcie4c_ip_gt_gtwizard_gtye4_inst/gen_gtwizard_gtye4.gen_cpll_cal_gtye4.gen_cpll_cal_inst[14].gen_inst_cpll_cal.gtwizard_ultrascale_v1_7_9_gtye4_cpll_cal_inst/gtwizard_ultrascale_v1_7_9_gtye4_cpll_cal_tx_i/bufg_gt_txoutclkmon_inst/O | SoC_i/xdma_0/inst/pcie4c_ip_i/inst/SoC_xdma_0_0_pcie4c_ip_gt_top_i/diablo_gt.diablo_gt_phy_wrapper/gt_wizard.gtwizard_top_i/SoC_xdma_0_0_pcie4c_ip_gt_i/inst/gen_gtwizard_gtye4_top.SoC_xdma_0_0_pcie4c_ip_gt_gtwizard_gtye4_inst/gen_gtwizard_gtye4.gen_cpll_cal_gtye4.gen_cpll_cal_inst[14].gen_inst_cpll_cal.gtwizard_ultrascale_v1_7_9_gtye4_cpll_cal_inst/gtwizard_ultrascale_v1_7_9_gtye4_cpll_cal_tx_i/txoutclkmon |             5.0 |
| SoC_i/xdma_0/inst/pcie4c_ip_i/inst/SoC_xdma_0_0_pcie4c_ip_gt_top_i/diablo_gt.diablo_gt_phy_wrapper/gt_wizard.gtwizard_top_i/SoC_xdma_0_0_pcie4c_ip_gt_i/inst/gen_gtwizard_gtye4_top.SoC_xdma_0_0_pcie4c_ip_gt_gtwizard_gtye4_inst/gen_gtwizard_gtye4.gen_cpll_cal_gtye4.gen_cpll_cal_inst[15].gen_inst_cpll_cal.gtwizard_ultrascale_v1_7_9_gtye4_cpll_cal_inst/gtwizard_ultrascale_v1_7_9_gtye4_cpll_cal_tx_i/bufg_gt_txoutclkmon_inst/O | SoC_i/xdma_0/inst/pcie4c_ip_i/inst/SoC_xdma_0_0_pcie4c_ip_gt_top_i/diablo_gt.diablo_gt_phy_wrapper/gt_wizard.gtwizard_top_i/SoC_xdma_0_0_pcie4c_ip_gt_i/inst/gen_gtwizard_gtye4_top.SoC_xdma_0_0_pcie4c_ip_gt_gtwizard_gtye4_inst/gen_gtwizard_gtye4.gen_cpll_cal_gtye4.gen_cpll_cal_inst[15].gen_inst_cpll_cal.gtwizard_ultrascale_v1_7_9_gtye4_cpll_cal_inst/gtwizard_ultrascale_v1_7_9_gtye4_cpll_cal_tx_i/txoutclkmon |             5.0 |
| SoC_i/xdma_0/inst/pcie4c_ip_i/inst/SoC_xdma_0_0_pcie4c_ip_gt_top_i/diablo_gt.diablo_gt_phy_wrapper/gt_wizard.gtwizard_top_i/SoC_xdma_0_0_pcie4c_ip_gt_i/inst/gen_gtwizard_gtye4_top.SoC_xdma_0_0_pcie4c_ip_gt_gtwizard_gtye4_inst/gen_gtwizard_gtye4.gen_cpll_cal_gtye4.gen_cpll_cal_inst[1].gen_inst_cpll_cal.gtwizard_ultrascale_v1_7_9_gtye4_cpll_cal_inst/gtwizard_ultrascale_v1_7_9_gtye4_cpll_cal_tx_i/bufg_gt_txoutclkmon_inst/O  | SoC_i/xdma_0/inst/pcie4c_ip_i/inst/SoC_xdma_0_0_pcie4c_ip_gt_top_i/diablo_gt.diablo_gt_phy_wrapper/gt_wizard.gtwizard_top_i/SoC_xdma_0_0_pcie4c_ip_gt_i/inst/gen_gtwizard_gtye4_top.SoC_xdma_0_0_pcie4c_ip_gt_gtwizard_gtye4_inst/gen_gtwizard_gtye4.gen_cpll_cal_gtye4.gen_cpll_cal_inst[1].gen_inst_cpll_cal.gtwizard_ultrascale_v1_7_9_gtye4_cpll_cal_inst/gtwizard_ultrascale_v1_7_9_gtye4_cpll_cal_tx_i/txoutclkmon  |             5.0 |
| SoC_i/xdma_0/inst/pcie4c_ip_i/inst/SoC_xdma_0_0_pcie4c_ip_gt_top_i/diablo_gt.diablo_gt_phy_wrapper/gt_wizard.gtwizard_top_i/SoC_xdma_0_0_pcie4c_ip_gt_i/inst/gen_gtwizard_gtye4_top.SoC_xdma_0_0_pcie4c_ip_gt_gtwizard_gtye4_inst/gen_gtwizard_gtye4.gen_cpll_cal_gtye4.gen_cpll_cal_inst[2].gen_inst_cpll_cal.gtwizard_ultrascale_v1_7_9_gtye4_cpll_cal_inst/gtwizard_ultrascale_v1_7_9_gtye4_cpll_cal_tx_i/bufg_gt_txoutclkmon_inst/O  | SoC_i/xdma_0/inst/pcie4c_ip_i/inst/SoC_xdma_0_0_pcie4c_ip_gt_top_i/diablo_gt.diablo_gt_phy_wrapper/gt_wizard.gtwizard_top_i/SoC_xdma_0_0_pcie4c_ip_gt_i/inst/gen_gtwizard_gtye4_top.SoC_xdma_0_0_pcie4c_ip_gt_gtwizard_gtye4_inst/gen_gtwizard_gtye4.gen_cpll_cal_gtye4.gen_cpll_cal_inst[2].gen_inst_cpll_cal.gtwizard_ultrascale_v1_7_9_gtye4_cpll_cal_inst/gtwizard_ultrascale_v1_7_9_gtye4_cpll_cal_tx_i/txoutclkmon  |             5.0 |
| SoC_i/xdma_0/inst/pcie4c_ip_i/inst/SoC_xdma_0_0_pcie4c_ip_gt_top_i/diablo_gt.diablo_gt_phy_wrapper/gt_wizard.gtwizard_top_i/SoC_xdma_0_0_pcie4c_ip_gt_i/inst/gen_gtwizard_gtye4_top.SoC_xdma_0_0_pcie4c_ip_gt_gtwizard_gtye4_inst/gen_gtwizard_gtye4.gen_cpll_cal_gtye4.gen_cpll_cal_inst[3].gen_inst_cpll_cal.gtwizard_ultrascale_v1_7_9_gtye4_cpll_cal_inst/gtwizard_ultrascale_v1_7_9_gtye4_cpll_cal_tx_i/bufg_gt_txoutclkmon_inst/O  | SoC_i/xdma_0/inst/pcie4c_ip_i/inst/SoC_xdma_0_0_pcie4c_ip_gt_top_i/diablo_gt.diablo_gt_phy_wrapper/gt_wizard.gtwizard_top_i/SoC_xdma_0_0_pcie4c_ip_gt_i/inst/gen_gtwizard_gtye4_top.SoC_xdma_0_0_pcie4c_ip_gt_gtwizard_gtye4_inst/gen_gtwizard_gtye4.gen_cpll_cal_gtye4.gen_cpll_cal_inst[3].gen_inst_cpll_cal.gtwizard_ultrascale_v1_7_9_gtye4_cpll_cal_inst/gtwizard_ultrascale_v1_7_9_gtye4_cpll_cal_tx_i/txoutclkmon  |             5.0 |
| SoC_i/xdma_0/inst/pcie4c_ip_i/inst/SoC_xdma_0_0_pcie4c_ip_gt_top_i/diablo_gt.diablo_gt_phy_wrapper/gt_wizard.gtwizard_top_i/SoC_xdma_0_0_pcie4c_ip_gt_i/inst/gen_gtwizard_gtye4_top.SoC_xdma_0_0_pcie4c_ip_gt_gtwizard_gtye4_inst/gen_gtwizard_gtye4.gen_cpll_cal_gtye4.gen_cpll_cal_inst[4].gen_inst_cpll_cal.gtwizard_ultrascale_v1_7_9_gtye4_cpll_cal_inst/gtwizard_ultrascale_v1_7_9_gtye4_cpll_cal_tx_i/bufg_gt_txoutclkmon_inst/O  | SoC_i/xdma_0/inst/pcie4c_ip_i/inst/SoC_xdma_0_0_pcie4c_ip_gt_top_i/diablo_gt.diablo_gt_phy_wrapper/gt_wizard.gtwizard_top_i/SoC_xdma_0_0_pcie4c_ip_gt_i/inst/gen_gtwizard_gtye4_top.SoC_xdma_0_0_pcie4c_ip_gt_gtwizard_gtye4_inst/gen_gtwizard_gtye4.gen_cpll_cal_gtye4.gen_cpll_cal_inst[4].gen_inst_cpll_cal.gtwizard_ultrascale_v1_7_9_gtye4_cpll_cal_inst/gtwizard_ultrascale_v1_7_9_gtye4_cpll_cal_tx_i/txoutclkmon  |             5.0 |
| SoC_i/xdma_0/inst/pcie4c_ip_i/inst/SoC_xdma_0_0_pcie4c_ip_gt_top_i/diablo_gt.diablo_gt_phy_wrapper/gt_wizard.gtwizard_top_i/SoC_xdma_0_0_pcie4c_ip_gt_i/inst/gen_gtwizard_gtye4_top.SoC_xdma_0_0_pcie4c_ip_gt_gtwizard_gtye4_inst/gen_gtwizard_gtye4.gen_cpll_cal_gtye4.gen_cpll_cal_inst[5].gen_inst_cpll_cal.gtwizard_ultrascale_v1_7_9_gtye4_cpll_cal_inst/gtwizard_ultrascale_v1_7_9_gtye4_cpll_cal_tx_i/bufg_gt_txoutclkmon_inst/O  | SoC_i/xdma_0/inst/pcie4c_ip_i/inst/SoC_xdma_0_0_pcie4c_ip_gt_top_i/diablo_gt.diablo_gt_phy_wrapper/gt_wizard.gtwizard_top_i/SoC_xdma_0_0_pcie4c_ip_gt_i/inst/gen_gtwizard_gtye4_top.SoC_xdma_0_0_pcie4c_ip_gt_gtwizard_gtye4_inst/gen_gtwizard_gtye4.gen_cpll_cal_gtye4.gen_cpll_cal_inst[5].gen_inst_cpll_cal.gtwizard_ultrascale_v1_7_9_gtye4_cpll_cal_inst/gtwizard_ultrascale_v1_7_9_gtye4_cpll_cal_tx_i/txoutclkmon  |             5.0 |
| SoC_i/xdma_0/inst/pcie4c_ip_i/inst/SoC_xdma_0_0_pcie4c_ip_gt_top_i/diablo_gt.diablo_gt_phy_wrapper/gt_wizard.gtwizard_top_i/SoC_xdma_0_0_pcie4c_ip_gt_i/inst/gen_gtwizard_gtye4_top.SoC_xdma_0_0_pcie4c_ip_gt_gtwizard_gtye4_inst/gen_gtwizard_gtye4.gen_cpll_cal_gtye4.gen_cpll_cal_inst[6].gen_inst_cpll_cal.gtwizard_ultrascale_v1_7_9_gtye4_cpll_cal_inst/gtwizard_ultrascale_v1_7_9_gtye4_cpll_cal_tx_i/bufg_gt_txoutclkmon_inst/O  | SoC_i/xdma_0/inst/pcie4c_ip_i/inst/SoC_xdma_0_0_pcie4c_ip_gt_top_i/diablo_gt.diablo_gt_phy_wrapper/gt_wizard.gtwizard_top_i/SoC_xdma_0_0_pcie4c_ip_gt_i/inst/gen_gtwizard_gtye4_top.SoC_xdma_0_0_pcie4c_ip_gt_gtwizard_gtye4_inst/gen_gtwizard_gtye4.gen_cpll_cal_gtye4.gen_cpll_cal_inst[6].gen_inst_cpll_cal.gtwizard_ultrascale_v1_7_9_gtye4_cpll_cal_inst/gtwizard_ultrascale_v1_7_9_gtye4_cpll_cal_tx_i/txoutclkmon  |             5.0 |
| SoC_i/xdma_0/inst/pcie4c_ip_i/inst/SoC_xdma_0_0_pcie4c_ip_gt_top_i/diablo_gt.diablo_gt_phy_wrapper/gt_wizard.gtwizard_top_i/SoC_xdma_0_0_pcie4c_ip_gt_i/inst/gen_gtwizard_gtye4_top.SoC_xdma_0_0_pcie4c_ip_gt_gtwizard_gtye4_inst/gen_gtwizard_gtye4.gen_cpll_cal_gtye4.gen_cpll_cal_inst[7].gen_inst_cpll_cal.gtwizard_ultrascale_v1_7_9_gtye4_cpll_cal_inst/gtwizard_ultrascale_v1_7_9_gtye4_cpll_cal_tx_i/bufg_gt_txoutclkmon_inst/O  | SoC_i/xdma_0/inst/pcie4c_ip_i/inst/SoC_xdma_0_0_pcie4c_ip_gt_top_i/diablo_gt.diablo_gt_phy_wrapper/gt_wizard.gtwizard_top_i/SoC_xdma_0_0_pcie4c_ip_gt_i/inst/gen_gtwizard_gtye4_top.SoC_xdma_0_0_pcie4c_ip_gt_gtwizard_gtye4_inst/gen_gtwizard_gtye4.gen_cpll_cal_gtye4.gen_cpll_cal_inst[7].gen_inst_cpll_cal.gtwizard_ultrascale_v1_7_9_gtye4_cpll_cal_inst/gtwizard_ultrascale_v1_7_9_gtye4_cpll_cal_tx_i/txoutclkmon  |             5.0 |
| SoC_i/xdma_0/inst/pcie4c_ip_i/inst/SoC_xdma_0_0_pcie4c_ip_gt_top_i/diablo_gt.diablo_gt_phy_wrapper/gt_wizard.gtwizard_top_i/SoC_xdma_0_0_pcie4c_ip_gt_i/inst/gen_gtwizard_gtye4_top.SoC_xdma_0_0_pcie4c_ip_gt_gtwizard_gtye4_inst/gen_gtwizard_gtye4.gen_cpll_cal_gtye4.gen_cpll_cal_inst[8].gen_inst_cpll_cal.gtwizard_ultrascale_v1_7_9_gtye4_cpll_cal_inst/gtwizard_ultrascale_v1_7_9_gtye4_cpll_cal_tx_i/bufg_gt_txoutclkmon_inst/O  | SoC_i/xdma_0/inst/pcie4c_ip_i/inst/SoC_xdma_0_0_pcie4c_ip_gt_top_i/diablo_gt.diablo_gt_phy_wrapper/gt_wizard.gtwizard_top_i/SoC_xdma_0_0_pcie4c_ip_gt_i/inst/gen_gtwizard_gtye4_top.SoC_xdma_0_0_pcie4c_ip_gt_gtwizard_gtye4_inst/gen_gtwizard_gtye4.gen_cpll_cal_gtye4.gen_cpll_cal_inst[8].gen_inst_cpll_cal.gtwizard_ultrascale_v1_7_9_gtye4_cpll_cal_inst/gtwizard_ultrascale_v1_7_9_gtye4_cpll_cal_tx_i/txoutclkmon  |             5.0 |
| SoC_i/xdma_0/inst/pcie4c_ip_i/inst/SoC_xdma_0_0_pcie4c_ip_gt_top_i/diablo_gt.diablo_gt_phy_wrapper/gt_wizard.gtwizard_top_i/SoC_xdma_0_0_pcie4c_ip_gt_i/inst/gen_gtwizard_gtye4_top.SoC_xdma_0_0_pcie4c_ip_gt_gtwizard_gtye4_inst/gen_gtwizard_gtye4.gen_cpll_cal_gtye4.gen_cpll_cal_inst[9].gen_inst_cpll_cal.gtwizard_ultrascale_v1_7_9_gtye4_cpll_cal_inst/gtwizard_ultrascale_v1_7_9_gtye4_cpll_cal_tx_i/bufg_gt_txoutclkmon_inst/O  | SoC_i/xdma_0/inst/pcie4c_ip_i/inst/SoC_xdma_0_0_pcie4c_ip_gt_top_i/diablo_gt.diablo_gt_phy_wrapper/gt_wizard.gtwizard_top_i/SoC_xdma_0_0_pcie4c_ip_gt_i/inst/gen_gtwizard_gtye4_top.SoC_xdma_0_0_pcie4c_ip_gt_gtwizard_gtye4_inst/gen_gtwizard_gtye4.gen_cpll_cal_gtye4.gen_cpll_cal_inst[9].gen_inst_cpll_cal.gtwizard_ultrascale_v1_7_9_gtye4_cpll_cal_inst/gtwizard_ultrascale_v1_7_9_gtye4_cpll_cal_tx_i/txoutclkmon  |             5.0 |
| SoC_i/xdma_0/inst/pcie4c_ip_i/inst/SoC_xdma_0_0_pcie4c_ip_gt_top_i/diablo_gt.diablo_gt_phy_wrapper/phy_clk_i/bufg_gt_intclk/O                                                                                                                                                                                                                                                                                                            | SoC_i/xdma_0/inst/pcie4c_ip_i/inst/SoC_xdma_0_0_pcie4c_ip_gt_top_i/diablo_gt.diablo_gt_phy_wrapper/phy_clk_i/CLK_INTCLK                                                                                                                                                                                                                                                                                                   |          1000.0 |
| SoC_xdma_0_0_pcie4c_ip_gt_top_i_n_116                                                                                                                                                                                                                                                                                                                                                                                                    | SoC_i/xdma_0/inst/pcie4c_ip_i/inst/SoC_xdma_0_0_pcie4c_ip_gt_top_i/diablo_gt.diablo_gt_phy_wrapper/phy_clk_i/CLK_MCAPCLK                                                                                                                                                                                                                                                                                                  |             8.0 |
| clk                                                                                                                                                                                                                                                                                                                                                                                                                                      | SoC_i/xdma_0/inst/pcie4c_ip_i/inst/SoC_xdma_0_0_pcie4c_ip_gt_top_i/diablo_gt.diablo_gt_phy_wrapper/phy_clk_i/CLK_USERCLK                                                                                                                                                                                                                                                                                                  |             4.0 |
| dbg_hub/inst/BSCANID.u_xsdbm_id/SWITCH_N_EXT_BSCAN.bscan_inst/SERIES7_BSCAN.bscan_inst/INTERNAL_TCK                                                                                                                                                                                                                                                                                                                                      | dbg_hub/inst/BSCANID.u_xsdbm_id/SWITCH_N_EXT_BSCAN.bscan_inst/in0                                                                                                                                                                                                                                                                                                                                                         |            50.0 |
| pcie_refclk_clk_p                                                                                                                                                                                                                                                                                                                                                                                                                        | pcie_refclk_clk_p                                                                                                                                                                                                                                                                                                                                                                                                         |            10.0 |
| pipe_clk                                                                                                                                                                                                                                                                                                                                                                                                                                 | SoC_i/xdma_0/inst/pcie4c_ip_i/inst/SoC_xdma_0_0_pcie4c_ip_gt_top_i/diablo_gt.diablo_gt_phy_wrapper/phy_clk_i/CLK_PCLK2_GT                                                                                                                                                                                                                                                                                                 |             4.0 |
+------------------------------------------------------------------------------------------------------------------------------------------------------------------------------------------------------------------------------------------------------------------------------------------------------------------------------------------------------------------------------------------------------------------------------------------+---------------------------------------------------------------------------------------------------------------------------------------------------------------------------------------------------------------------------------------------------------------------------------------------------------------------------------------------------------------------------------------------------------------------------+-----------------+


3. Detailed Reports
-------------------

3.1 By Hierarchy
----------------

+--------------------------+-----------+
| Name                     | Power (W) |
+--------------------------+-----------+
| SoC_wrapper              |    13.358 |
|   SoC_i                  |    13.355 |
|     QuantLaneNet_0       |     5.069 |
|       inst               |     5.049 |
|     axi_smc              |     0.118 |
|       inst               |     0.118 |
|     system_ila_0         |     0.261 |
|       inst               |     0.261 |
|     util_ds_buf          |     0.006 |
|       U0                 |     0.006 |
|     xdma_0               |     7.901 |
|       inst               |     7.901 |
|   dbg_hub                |     0.004 |
|     inst                 |     0.004 |
|       BSCANID.u_xsdbm_id |     0.004 |
+--------------------------+-----------+


